20220814 11:24:18 INFO: The Tool Kit log already exists
20220814 11:24:18 INFO: The username executing this tool is 'jamie'
20220814 11:24:18 INFO: The computer name executing this tool is 'SURFACE'
20220814 11:24:20 INFO: The domain is 'WORKGROUP'
20220814 11:24:20 ERROR: The tool was run on a non-member server. Run this tool on a member-server.
20220814 12:37:41 INFO: The Tool Kit log already exists
20220814 12:37:41 ERROR: The tool was run on a non-member server. Run this tool on a member-server.
20220814 12:50:36 INFO: The Tool Kit log already exists
20220814 12:50:36 ERROR: The tool was run on a non-member server. Run this tool on a member-server.
20220814 12:50:45 INFO: The Tool Kit log already exists
20220814 12:50:45 ERROR: The tool was run on a non-member server. Run this tool on a member-server.
20220814 13:02:05 INFO: The Tool Kit log already exists
20220814 13:02:05 ERROR: The tool was run on a non-member server. Run this tool on a member-server.
20220814 13:03:47 INFO: The Tool Kit log already exists
20220814 13:03:47 ERROR: The tool was run on a non-member server. Run this tool on a member-server.
20220814 13:03:52 INFO: The Tool Kit log already exists
20220814 13:03:52 ERROR: The tool was run on a non-member server. Run this tool on a member-server.
20220814 13:04:24 INFO: The Tool Kit log already exists
20220814 13:04:25 ERROR: The tool was run on a non-member server. Run this tool on a member-server.
20220814 13:04:29 INFO: The Tool Kit log already exists
20220814 13:04:29 ERROR: The tool was run on a non-member server. Run this tool on a member-server.
20220814 13:04:55 INFO: The Tool Kit log already exists
20220814 13:04:55 ERROR: The tool was run on a non-member server. Run this tool on a member-server.
20220814 13:04:59 INFO: The Tool Kit log already exists
20220814 13:04:59 ERROR: The tool was run on a non-member server. Run this tool on a member-server.
20220814 13:05:32 INFO: The Tool Kit log already exists
20220814 13:05:32 ERROR: The tool was run on a non-member server. Run this tool on a member-server.
20220814 13:05:36 INFO: The Tool Kit log already exists
20220814 13:05:36 ERROR: The tool was run on a non-member server. Run this tool on a member-server.
20220814 13:07:26 INFO: The Tool Kit log already exists
20220814 13:07:26 ERROR: The tool was run on a non-member server. Run this tool on a member-server.
20220814 13:16:05 INFO: The Tool Kit log already exists
20220814 13:16:06 ERROR: The tool was run on a non-member server. Run this tool on a member-server.
20220814 13:16:38 INFO: The Tool Kit log already exists
20220814 13:16:38 ERROR: The tool was run on a non-member server. Run this tool on a member-server.
20220814 13:17:20 INFO: The Tool Kit log already exists
20220814 13:17:20 ERROR: The tool was run on a non-member server. Run this tool on a member-server.
20220814 13:20:54 INFO: The Tool Kit log already exists
20220814 13:20:54 ERROR: The tool was run on a non-member server. Run this tool on a member-server.
20220814 13:21:55 INFO: The Tool Kit log already exists
20220814 13:21:55 ERROR: The tool was run on a non-member server. Run this tool on a member-server.
20220814 13:27:57 INFO: The Tool Kit log already exists
20220814 13:27:57 ERROR: The tool was run on a non-member server. Run this tool on a member-server.
20220814 13:28:24 INFO: The Tool Kit log already exists
20220814 13:28:24 ERROR: The tool was run on a non-member server. Run this tool on a member-server.
20220814 13:30:18 INFO: The Tool Kit log already exists
20220814 13:30:18 ERROR: The tool was run on a non-member server. Run this tool on a member-server.
20220814 14:11:21 INFO: The Tool Kit log already exists
20220814 14:11:21 ERROR: The tool was run on a non-member server. Run this tool on a member-server.
20220814 14:11:53 INFO: The Tool Kit log already exists
20220814 14:11:53 ERROR: The tool was run on a non-member server. Run this tool on a member-server.
20220814 14:12:49 INFO: The Tool Kit log already exists
20220814 14:12:49 ERROR: The tool was run on a non-member server. Run this tool on a member-server.
20220814 14:14:10 INFO: The Tool Kit log already exists
20220814 14:14:10 ERROR: The tool was run on a non-member server. Run this tool on a member-server.
20220814 14:15:16 INFO: The Tool Kit log already exists
20220814 14:15:16 ERROR: The tool was run on a non-member server. Run this tool on a member-server.
20220814 14:21:43 INFO: The Tool Kit log already exists
20220814 14:21:44 ERROR: The tool was run on a non-member server. Run this tool on a member-server.
20220814 14:23:41 INFO: The Tool Kit log already exists
20220814 14:23:41 ERROR: The tool was run on a non-member server. Run this tool on a member-server.
20220814 14:24:29 INFO: The Tool Kit log already exists
20220814 14:24:29 ERROR: The tool was run on a non-member server. Run this tool on a member-server.
20220814 14:25:20 INFO: The Tool Kit log already exists
20220814 14:25:20 ERROR: The tool was run on a non-member server. Run this tool on a member-server.
20220814 14:25:56 INFO: The Tool Kit log already exists
20220814 14:25:56 ERROR: The tool was run on a non-member server. Run this tool on a member-server.
20220814 14:39:05 INFO: The Tool Kit log already exists
20220814 14:39:06 ERROR: The tool was run on a non-member server. Run this tool on a member-server.
20220814 14:40:10 INFO: The Tool Kit log already exists
20220814 14:40:10 ERROR: The tool was run on a non-member server. Run this tool on a member-server.
20220814 15:26:01 INFO: The Tool Kit log already exists
20220814 15:26:01 ERROR: The tool was run on a non-member server. Run this tool on a member-server.
20220814 15:30:20 INFO: The Tool Kit log already exists
20220814 15:30:20 ERROR: The tool was run on a non-member server. Run this tool on a member-server.
20220814 15:33:40 INFO: The Tool Kit log already exists
20220814 15:33:40 ERROR: The tool was run on a non-member server. Run this tool on a member-server.
20220814 15:34:43 INFO: The Tool Kit log already exists
20220814 15:34:43 ERROR: The tool was run on a non-member server. Run this tool on a member-server.
20220814 15:38:56 INFO: The Tool Kit log already exists
20220814 15:38:56 ERROR: The tool was run on a non-member server. Run this tool on a member-server.
20220814 15:40:23 INFO: The Tool Kit log already exists
20220814 15:40:23 ERROR: The tool was run on a non-member server. Run this tool on a member-server.
20220814 15:42:29 INFO: The Tool Kit log already exists
20220814 15:42:29 ERROR: The tool was run on a non-member server. Run this tool on a member-server.
20220814 15:43:43 INFO: The Tool Kit log already exists
20220814 15:43:43 ERROR: The tool was run on a non-member server. Run this tool on a member-server.
20220814 15:44:29 INFO: The Tool Kit log already exists
20220814 15:44:29 ERROR: The tool was run on a non-member server. Run this tool on a member-server.
20220814 15:46:26 INFO: The Tool Kit log already exists
20220814 15:46:26 ERROR: The tool was run on a non-member server. Run this tool on a member-server.
20220814 15:48:42 INFO: The Tool Kit log already exists
20220814 15:48:43 ERROR: The tool was run on a non-member server. Run this tool on a member-server.
20220814 16:19:36 INFO: Log creation - The Tool Kit log already exists
20220814 16:19:36 ERROR: Server check - Failed! The tool is being run on a non-server machine. The tool needs to be run on a Windows server.
20220814 16:22:59 INFO: Log creation - The Tool Kit log already exists
20220814 16:22:59 ERROR: Server check - Failed! The tool is being run on a non-server machine. The tool needs to be run on a Windows server.
20220814 16:26:29 INFO: Log creation - The Tool Kit log already exists
20220814 16:26:29 ERROR: Server check - Failed! The tool is being run on a non-server machine. The tool needs to be run on a Windows server.
20220814 16:27:53 INFO: Log creation - The Tool Kit log already exists
20220814 16:27:53 ERROR: Server check - Failed! The tool is being run on a non-server machine. The tool needs to be run on a Windows server.
20220814 16:29:05 INFO: Log creation - The Tool Kit log already exists
20220814 16:29:05 ERROR: Server check - Failed! The tool is being run on a non-server machine. The tool needs to be run on a Windows server.
20220814 16:29:57 INFO: Log creation - The Tool Kit log already exists
20220814 16:29:57 ERROR: Server check - Failed! The tool is being run on a non-server machine. The tool needs to be run on a Windows server.
20220814 16:30:33 INFO: Log creation - The Tool Kit log already exists
20220814 16:30:33 ERROR: Server check - Failed! The tool is being run on a non-server machine. The tool needs to be run on a Windows server.
20220814 16:31:23 INFO: Log creation - The Tool Kit log already exists
20220814 16:31:23 ERROR: Server check - Failed! The tool is being run on a non-server machine. The tool needs to be run on a Windows server.
20220814 16:55:21 INFO: Log creation - The Tool Kit log already exists
20220814 16:55:22 ERROR: Server check - Failed! The tool is being run on a non-server machine. The tool needs to be run on a Windows server.
20220814 16:57:06 INFO: Log creation - The Tool Kit log already exists
20220814 16:57:16 ERROR: Server check - Failed! The tool is being run on a non-server machine. The tool needs to be run on a Windows server.
20220814 17:22:52 INFO: Log creation - The Tool Kit log already exists
20220814 17:22:52 ERROR: Server check - Failed! The tool is being run on a non-server machine. The tool needs to be run on a Windows server.
20220814 17:23:06 INFO: Log creation - The Tool Kit log already exists
20220814 17:23:06 ERROR: Server check - Failed! The tool is being run on a non-server machine. The tool needs to be run on a Windows server.
20220814 17:23:49 INFO: Log creation - The Tool Kit log already exists
20220814 17:23:49 ERROR: Server check - Failed! The tool is being run on a non-server machine. The tool needs to be run on a Windows server.
20220814 17:24:56 INFO: Log creation - The Tool Kit log already exists
20220814 17:24:56 ERROR: Server check - Failed! The tool is being run on a non-server machine. The tool needs to be run on a Windows server.
20220814 17:25:33 INFO: Log creation - The Tool Kit log already exists
20220814 17:25:33 ERROR: Server check - Failed! The tool is being run on a non-server machine. The tool needs to be run on a Windows server.
20220814 17:26:44 INFO: Log creation - The Tool Kit log already exists
20220814 17:26:44 ERROR: Server check - Failed! The tool is being run on a non-server machine. The tool needs to be run on a Windows server.
20220814 17:27:21 INFO: Log creation - The Tool Kit log already exists
20220814 17:27:21 ERROR: Server check - Failed! The tool is being run on a non-server machine. The tool needs to be run on a Windows server.
20220814 17:27:39 INFO: Log creation - The Tool Kit log already exists
20220814 17:27:39 ERROR: Server check - Failed! The tool is being run on a non-server machine. The tool needs to be run on a Windows server.
20220814 17:46:00 INFO: Log creation - The Tool Kit log already exists
20220814 17:46:00 ERROR: Server check - Failed! The tool is being run on a non-server machine. The tool needs to be run on a Windows server.
20220814 17:46:48 INFO: Log creation - The Tool Kit log already exists
20220814 17:46:48 ERROR: Server check - Failed! The tool is being run on a non-server machine. The tool needs to be run on a Windows server.
20220814 17:47:04 INFO: Log creation - The Tool Kit log already exists
20220814 17:47:04 ERROR: Server check - Failed! The tool is being run on a non-server machine. The tool needs to be run on a Windows server.
20220814 17:47:55 INFO: Log creation - The Tool Kit log already exists
20220814 17:47:55 ERROR: Server check - Failed! The tool is being run on a non-server machine. The tool needs to be run on a Windows server.
20220814 17:48:29 INFO: Log creation - The Tool Kit log already exists
20220814 17:48:29 ERROR: Server check - Failed! The tool is being run on a non-server machine. The tool needs to be run on a Windows server.
20220814 17:48:30 INFO: Log creation - The Tool Kit log already exists
20220814 17:48:30 ERROR: Server check - Failed! The tool is being run on a non-server machine. The tool needs to be run on a Windows server.
20220814 17:48:31 INFO: Log creation - The Tool Kit log already exists
20220814 17:48:31 ERROR: Server check - Failed! The tool is being run on a non-server machine. The tool needs to be run on a Windows server.
20220814 17:48:31 INFO: Log creation - The Tool Kit log already exists
20220814 17:48:31 ERROR: Server check - Failed! The tool is being run on a non-server machine. The tool needs to be run on a Windows server.
20220814 17:48:31 INFO: Log creation - The Tool Kit log already exists
20220814 17:48:31 ERROR: Server check - Failed! The tool is being run on a non-server machine. The tool needs to be run on a Windows server.
20220814 17:48:31 INFO: Log creation - The Tool Kit log already exists
20220814 17:48:31 ERROR: Server check - Failed! The tool is being run on a non-server machine. The tool needs to be run on a Windows server.
20220814 17:48:31 INFO: Log creation - The Tool Kit log already exists
20220814 17:48:31 ERROR: Server check - Failed! The tool is being run on a non-server machine. The tool needs to be run on a Windows server.
20220814 17:48:31 INFO: Log creation - The Tool Kit log already exists
20220814 17:48:31 ERROR: Server check - Failed! The tool is being run on a non-server machine. The tool needs to be run on a Windows server.
20220814 17:48:32 INFO: Log creation - The Tool Kit log already exists
20220814 17:48:32 ERROR: Server check - Failed! The tool is being run on a non-server machine. The tool needs to be run on a Windows server.
20220814 17:48:32 INFO: Log creation - The Tool Kit log already exists
20220814 17:48:32 ERROR: Server check - Failed! The tool is being run on a non-server machine. The tool needs to be run on a Windows server.
20220814 17:49:36 INFO: Log creation - The Tool Kit log already exists
20220814 17:49:36 ERROR: Server check - Failed! The tool is being run on a non-server machine. The tool needs to be run on a Windows server.
20220814 17:50:43 INFO: Log creation - The Tool Kit log already exists
20220814 17:50:43 ERROR: Server check - Failed! The tool is being run on a non-server machine. The tool needs to be run on a Windows server.
20220814 17:51:31 INFO: Log creation - The Tool Kit log already exists
20220814 17:51:31 ERROR: Server check - Failed! The tool is being run on a non-server machine. The tool needs to be run on a Windows server.
20220814 17:52:38 INFO: Log creation - The Tool Kit log already exists
20220814 17:52:38 ERROR: Server check - Failed! The tool is being run on a non-server machine. The tool needs to be run on a Windows server.
20220814 17:54:14 INFO: Log creation - The Tool Kit log already exists
20220814 17:54:14 ERROR: Server check - Failed! The tool is being run on a non-server machine. The tool needs to be run on a Windows server.
20220814 17:54:15 INFO: Log creation - The Tool Kit log already exists
20220814 17:54:15 ERROR: Server check - Failed! The tool is being run on a non-server machine. The tool needs to be run on a Windows server.
20220814 17:55:31 INFO: Log creation - The Tool Kit log already exists
20220814 17:55:31 ERROR: Server check - Failed! The tool is being run on a non-server machine. The tool needs to be run on a Windows server.
20220814 17:56:13 INFO: Log creation - The Tool Kit log already exists
20220814 17:56:13 ERROR: Server check - Failed! The tool is being run on a non-server machine. The tool needs to be run on a Windows server.
20220814 17:57:38 INFO: Log creation - The Tool Kit log already exists
20220814 17:57:38 ERROR: Server check - Failed! The tool is being run on a non-server machine. The tool needs to be run on a Windows server.
